<?xml version="1.0" encoding="UTF-8"?>
<!-- Generated by org.testng.reporters.JUnitReportReporter -->
<testsuite name="com.VikrantSe.automation.HowToSelectWindowsInSelenium_4" tests="1" time="17.622" ignored="0" failures="0" timestamp="26 Nov 2017 07:16:08 GMT" skipped="0" hostname="Vikrants-Air" errors="0">
  <testcase name="howToSelectWindowsInSelenium_4" time="17.622" classname="com.VikrantSe.automation.HowToSelectWindowsInSelenium_4"/>
</testsuite> <!-- com.VikrantSe.automation.HowToSelectWindowsInSelenium_4 -->
