<?xml version="1.0" encoding="UTF-8"?>
<!-- Generated by org.testng.reporters.JUnitReportReporter -->
<testsuite name="com.VikrantSe.automation.SelectDropDown" tests="1" time="9.256" ignored="0" failures="0" timestamp="21 Nov 2017 21:21:04 GMT" skipped="0" hostname="Vikrants-Air" errors="0">
  <testcase name="dropDownSelectionFacebook" time="9.256" classname="com.VikrantSe.automation.SelectDropDown"/>
</testsuite> <!-- com.VikrantSe.automation.SelectDropDown -->
