<?xml version="1.0" encoding="UTF-8"?>
<!-- Generated by org.testng.reporters.JUnitReportReporter -->
<testsuite name="com.VikrantSe.automation.CountNumberOfLinksInPage" tests="1" time="7.366" ignored="0" failures="0" timestamp="25 Nov 2017 18:47:20 GMT" skipped="0" hostname="Vikrants-Air" errors="0">
  <testcase name="countNumberOfLinksInPage" time="7.366" classname="com.VikrantSe.automation.CountNumberOfLinksInPage"/>
</testsuite> <!-- com.VikrantSe.automation.CountNumberOfLinksInPage -->
