<?xml version="1.0" encoding="UTF-8"?>
<!-- Generated by org.testng.reporters.JUnitReportReporter -->
<testsuite name="com.VikrantSe.automation.HowToVerifyExpandedAndCollapsedObject_5" tests="1" time="23.140" ignored="0" failures="0" timestamp="26 Nov 2017 10:52:35 GMT" skipped="0" hostname="Vikrants-Air" errors="0">
  <testcase name="howToVerifyExpandedAndCollapsedObject_5" time="23.140" classname="com.VikrantSe.automation.HowToVerifyExpandedAndCollapsedObject_5"/>
</testsuite> <!-- com.VikrantSe.automation.HowToVerifyExpandedAndCollapsedObject_5 -->
