<?xml version="1.0" encoding="UTF-8"?>
<!-- Generated by org.testng.reporters.JUnitReportReporter -->
<testsuite name="com.VikrantSe.automation.VerifyCommonTextInSelenium" tests="1" time="14.100" ignored="0" failures="0" timestamp="25 Nov 2017 15:13:18 GMT" skipped="0" hostname="Vikrants-Air" errors="0">
  <testcase name="coutNumberofLinksInPage" time="14.100" classname="com.VikrantSe.automation.VerifyCommonTextInSelenium"/>
</testsuite> <!-- com.VikrantSe.automation.VerifyCommonTextInSelenium -->
