<?xml version="1.0" encoding="UTF-8"?>
<!-- Generated by org.testng.reporters.JUnitReportReporter -->
<testsuite name="com.VikrantSe.automation.TestNgDemo1" tests="1" time="0.010" ignored="0" failures="0" timestamp="21 Nov 2017 20:45:44 GMT" skipped="0" hostname="Vikrants-Air" errors="0">
  <testcase name="testEnvironment" time="0.010" classname="com.VikrantSe.automation.TestNgDemo1"/>
</testsuite> <!-- com.VikrantSe.automation.TestNgDemo1 -->
